{"C:\\Users\\joseh\\Desktop\\projects\\dash-app\\src\\App.tsx": {"path":"C:\\Users\\joseh\\Desktop\\projects\\dash-app\\src\\App.tsx","statementMap":{"0":{"start":{"line":1,"column":0},"end":{"line":1,"column":19}},"1":{"start":{"line":3,"column":12},"end":{"line":10,"column":1}},"2":{"start":{"line":4,"column":2},"end":{"line":9,"column":4}},"3":{"start":{"line":12,"column":0},"end":{"line":12,"column":19}}},"fnMap":{"0":{"name":"(anonymous_0)","decl":{"start":{"line":3,"column":12},"end":{"line":3,"column":15}},"loc":{"start":{"line":3,"column":17},"end":{"line":10,"column":1}}}},"branchMap":{},"s":{"0":1,"1":1,"2":1,"3":1},"f":{"0":1},"b":{}}
,"C:\\Users\\joseh\\Desktop\\projects\\dash-app\\src\\utils\\testConfigUtils.ts": {"path":"C:\\Users\\joseh\\Desktop\\projects\\dash-app\\src\\utils\\testConfigUtils.ts","statementMap":{"0":{"start":{"line":1,"column":0},"end":{"line":1,"column":72}},"1":{"start":{"line":4,"column":21},"end":{"line":7,"column":40}},"2":{"start":{"line":7,"column":5},"end":{"line":7,"column":40}},"3":{"start":{"line":10,"column":25},"end":{"line":10,"column":31}},"4":{"start":{"line":9,"column":0},"end":{"line":9,"column":39}}},"fnMap":{"0":{"name":"(anonymous_4)","decl":{"start":{"line":4,"column":21},"end":{"line":4,"column":null}},"loc":{"start":{"line":7,"column":5},"end":{"line":7,"column":40}}}},"branchMap":{},"s":{"0":1,"1":1,"2":1,"3":1,"4":1},"f":{"0":1},"b":{}}
}
